<?xml version="1.0" encoding="UTF-8"?>
<testng-results ignored="0" total="1" passed="1" failed="0" skipped="0">
  <reporter-output>
  </reporter-output>
  <suite started-at="2024-10-19T09:08:45 IST" name="Suite" finished-at="2024-10-19T09:08:45 IST" duration-ms="58">
    <groups>
    </groups>
    <test started-at="2024-10-19T09:08:45 IST" name="Test" finished-at="2024-10-19T09:08:45 IST" duration-ms="58">
      <class name="com.birla.MobileTest">
        <test-method signature="testA()[pri:0, instance:com.birla.MobileTest@79da8dc5]" started-at="2024-10-19T09:08:45 IST" name="testA" finished-at="2024-10-19T09:08:45 IST" duration-ms="8" status="PASS">
          <reporter-output>
          </reporter-output>
        </test-method> <!-- testA -->
      </class> <!-- com.birla.MobileTest -->
    </test> <!-- Test -->
  </suite> <!-- Suite -->
</testng-results>
