<?xml version="1.0" encoding="UTF-8"?>
<testng-results ignored="0" total="2" passed="2" failed="0" skipped="0">
  <reporter-output>
  </reporter-output>
  <suite started-at="2024-10-18T09:57:42 IST" name="Suite" finished-at="2024-10-18T09:57:43 IST" duration-ms="710">
    <groups>
    </groups>
    <test started-at="2024-10-18T09:57:42 IST" name="Test" finished-at="2024-10-18T09:57:43 IST" duration-ms="710">
      <class name="ExtentReportsBasics.OptimisingExtentReports3">
        <test-method signature="testB()[pri:0, instance:ExtentReportsBasics.OptimisingExtentReports3@581ac8a8]" started-at="2024-10-18T09:57:43 IST" name="testB" finished-at="2024-10-18T09:57:43 IST" duration-ms="6" status="PASS">
          <reporter-output>
          </reporter-output>
        </test-method> <!-- testB -->
      </class> <!-- ExtentReportsBasics.OptimisingExtentReports3 -->
      <class name="ExtentReportsBasics.OptimisingExtentReports2">
        <test-method signature="testA()[pri:0, instance:ExtentReportsBasics.OptimisingExtentReports2@32b260fa]" started-at="2024-10-18T09:57:43 IST" name="testA" finished-at="2024-10-18T09:57:43 IST" duration-ms="50" status="PASS">
          <reporter-output>
          </reporter-output>
        </test-method> <!-- testA -->
      </class> <!-- ExtentReportsBasics.OptimisingExtentReports2 -->
    </test> <!-- Test -->
  </suite> <!-- Suite -->
</testng-results>
